<?xml version="1.0" encoding="UTF-8"?>
<testsuite name="StatisticsTest" tests="1" skipped="0" failures="0" errors="0" timestamp="2020-10-21T11:17:02" hostname="LAPTOP-2F18T90T" time="0.06">
  <properties/>
  <testcase name="testFrequencies" classname="StatisticsTest" time="0.06"/>
  <system-out><![CDATA[1.0: 0.3
2.0: 0.2
4.0: 0.1
3.0: 0.4
]]></system-out>
  <system-err><![CDATA[]]></system-err>
</testsuite>
